Log file open, 09/22/20 19:26:15
LogWindows: Failed to load 'aqProf.dll' (GetLastError=126)
LogWindows: File 'aqProf.dll' does not exist
LogWindows: Failed to load 'VSPerf140.dll' (GetLastError=126)
LogWindows: File 'VSPerf140.dll' does not exist
LogWindows: Failed to load 'VtuneApi.dll' (GetLastError=126)
LogWindows: File 'VtuneApi.dll' does not exist
LogWindows: Failed to load 'VtuneApi32e.dll' (GetLastError=126)
LogWindows: File 'VtuneApi32e.dll' does not exist
LogInit: Display: Running engine for game: TallerpPractico
LogPlatformFile: Not using cached read wrapper
LogInit: Display: RandInit(1036295624) SRandInit(1036295624).
LogInit: Read version file with build ID '3709383'
LogInit: Overriding engine version to CL 3832480, compatible CL 3709383
LogInit: Registered custom module enumerator with build ID '3709383'
LogTaskGraph: Started task graph with 5 named threads and 14 total threads with 3 sets of task threads.
LogStats: Stats thread started at 1.359990
LogD3D11RHI: Aftermath initialized
LogModuleManager: Display: Found up-to-date module file ../../../Engine/Plugins/2D/Paper2D/Binaries/Win64/UE4Editor-Paper2D.dll (API version 3709383).
LogModuleManager: Display: Found up-to-date module file ../../../Engine/Plugins/2D/Paper2D/Binaries/Win64/UE4Editor-Paper2DEditor.dll (API version 3709383).
LogModuleManager: Display: Found up-to-date module file ../../../Engine/Plugins/2D/Paper2D/Binaries/Win64/UE4Editor-PaperSpriteSheetImporter.dll (API version 3709383).
LogModuleManager: Display: Found up-to-date module file ../../../Engine/Plugins/2D/Paper2D/Binaries/Win64/UE4Editor-PaperTiledImporter.dll (API version 3709383).
LogModuleManager: Display: Found up-to-date module file ../../../Engine/Plugins/2D/Paper2D/Binaries/Win64/UE4Editor-SmartSnapping.dll (API version 3709383).
LogModuleManager: Display: Found up-to-date module file ../../../Engine/Plugins/Blendables/LightPropagationVolume/Binaries/Win64/UE4Editor-LightPropagationVolumeRuntime.dll (API version 3709383).
LogModuleManager: Display: Found up-to-date module file ../../../Engine/Plugins/Blendables/LightPropagationVolume/Binaries/Win64/UE4Editor-LightPropagationVolumeEditor.dll (API version 3709383).
LogModuleManager: Display: Found up-to-date module file ../../../Engine/Plugins/Developer/GitSourceControl/Binaries/Win64/UE4Editor-GitSourceControl.dll (API version 3709383).
LogModuleManager: Display: Found up-to-date module file ../../../Engine/Plugins/Developer/PerforceSourceControl/Binaries/Win64/UE4Editor-PerforceSourceControl.dll (API version 3709383).
LogModuleManager: Display: Found up-to-date module file ../../../Engine/Plugins/Developer/SubversionSourceControl/Binaries/Win64/UE4Editor-SubversionSourceControl.dll (API version 3709383).
LogModuleManager: Display: Found up-to-date module file ../../../Engine/Plugins/Developer/UObjectPlugin/Binaries/Win64/UE4Editor-UObjectPlugin.dll (API version 3709383).
LogModuleManager: Display: Found up-to-date module file ../../../Engine/Plugins/Developer/VisualStudioCodeSourceCodeAccess/Binaries/Win64/UE4Editor-VisualStudioCodeSourceCodeAccess.dll (API version 3709383).
LogModuleManager: Display: Found up-to-date module file ../../../Engine/Plugins/Developer/VisualStudioSourceCodeAccess/Binaries/Win64/UE4Editor-VisualStudioSourceCodeAccess.dll (API version 3709383).
LogModuleManager: Display: Found up-to-date module file ../../../Engine/Plugins/Editor/AssetManagerEditor/Binaries/Win64/UE4Editor-AssetManagerEditor.dll (API version 3709383).
LogModuleManager: Display: Found up-to-date module file ../../../Engine/Plugins/Editor/AudioCapture/Binaries/Win64/UE4Editor-AudioCapture.dll (API version 3709383).
LogModuleManager: Display: Found up-to-date module file ../../../Engine/Plugins/Editor/FacialAnimation/Binaries/Win64/UE4Editor-FacialAnimation.dll (API version 3709383).
LogModuleManager: Display: Found up-to-date module file ../../../Engine/Plugins/Editor/FacialAnimation/Binaries/Win64/UE4Editor-FacialAnimationEditor.dll (API version 3709383).
LogModuleManager: Display: Found up-to-date module file ../../../Engine/Plugins/Editor/GameplayTagsEditor/Binaries/Win64/UE4Editor-GameplayTagsEditor.dll (API version 3709383).
LogModuleManager: Display: Found up-to-date module file ../../../Engine/Plugins/Editor/MobileLauncherProfileWizard/Binaries/Win64/UE4Editor-MobileLauncherProfileWizard.dll (API version 3709383).
LogModuleManager: Display: Found up-to-date module file ../../../Engine/Plugins/Editor/PluginBrowser/Binaries/Win64/UE4Editor-PluginBrowser.dll (API version 3709383).
LogModuleManager: Display: Found up-to-date module file ../../../Engine/Plugins/Editor/SpeedTreeImporter/Binaries/Win64/UE4Editor-SpeedTreeImporter.dll (API version 3709383).
LogModuleManager: Display: Found up-to-date module file ../../../Engine/Plugins/Experimental/AlembicImporter/Binaries/Win64/UE4Editor-AlembicImporter.dll (API version 3709383).
LogModuleManager: Display: Found up-to-date module file ../../../Engine/Plugins/Experimental/AlembicImporter/Binaries/Win64/UE4Editor-AlembicLibrary.dll (API version 3709383).
LogModuleManager: Display: Found up-to-date module file ../../../Engine/Plugins/Experimental/CharacterAI/Binaries/Win64/UE4Editor-CharacterAI.dll (API version 3709383).
LogModuleManager: Display: Found up-to-date module file ../../../Engine/Plugins/Experimental/HTML5Networking/Binaries/Win64/UE4Editor-HTML5Networking.dll (API version 3709383).
LogModuleManager: Display: Found up-to-date module file ../../../Engine/Plugins/Media/AndroidMedia/Binaries/Win64/UE4Editor-AndroidMediaEditor.dll (API version 3709383).
LogModuleManager: Display: Found up-to-date module file ../../../Engine/Plugins/Media/AndroidMedia/Binaries/Win64/UE4Editor-AndroidMediaFactory.dll (API version 3709383).
LogModuleManager: Display: Found up-to-date module file ../../../Engine/Plugins/Media/AvfMedia/Binaries/Win64/UE4Editor-AvfMediaEditor.dll (API version 3709383).
LogModuleManager: Display: Found up-to-date module file ../../../Engine/Plugins/Media/AvfMedia/Binaries/Win64/UE4Editor-AvfMediaFactory.dll (API version 3709383).
LogModuleManager: Display: Found up-to-date module file ../../../Engine/Plugins/Media/AvfMedia/Binaries/Win64/UE4Editor-AvfMediaFactory.dll (API version 3709383).
LogModuleManager: Display: Found up-to-date module file ../../../Engine/Plugins/Media/ImgMedia/Binaries/Win64/UE4Editor-ImgMedia.dll (API version 3709383).
LogModuleManager: Display: Found up-to-date module file ../../../Engine/Plugins/Media/ImgMedia/Binaries/Win64/UE4Editor-ImgMediaEditor.dll (API version 3709383).
LogModuleManager: Display: Found up-to-date module file ../../../Engine/Plugins/Media/ImgMedia/Binaries/Win64/UE4Editor-ImgMediaFactory.dll (API version 3709383).
LogModuleManager: Display: Found up-to-date module file ../../../Engine/Plugins/Media/ImgMedia/Binaries/Win64/UE4Editor-ImgMediaFactory.dll (API version 3709383).
LogModuleManager: Display: Found up-to-date module file ../../../Engine/Plugins/Media/ImgMedia/Binaries/Win64/UE4Editor-OpenExrWrapper.dll (API version 3709383).
LogModuleManager: Display: Found up-to-date module file ../../../Engine/Plugins/Media/MediaCompositing/Binaries/Win64/UE4Editor-MediaCompositing.dll (API version 3709383).
LogModuleManager: Display: Found up-to-date module file ../../../Engine/Plugins/Media/MediaCompositing/Binaries/Win64/UE4Editor-MediaCompositingEditor.dll (API version 3709383).
LogModuleManager: Display: Found up-to-date module file ../../../Engine/Plugins/Media/MediaPlayerEditor/Binaries/Win64/UE4Editor-MediaPlayerEditor.dll (API version 3709383).
LogModuleManager: Display: Found up-to-date module file ../../../Engine/Plugins/Media/WmfMedia/Binaries/Win64/UE4Editor-WmfMedia.dll (API version 3709383).
LogModuleManager: Display: Found up-to-date module file ../../../Engine/Plugins/Media/WmfMedia/Binaries/Win64/UE4Editor-WmfMediaEditor.dll (API version 3709383).
LogModuleManager: Display: Found up-to-date module file ../../../Engine/Plugins/Media/WmfMedia/Binaries/Win64/UE4Editor-WmfMediaFactory.dll (API version 3709383).
LogModuleManager: Display: Found up-to-date module file ../../../Engine/Plugins/Media/WmfMedia/Binaries/Win64/UE4Editor-WmfMediaFactory.dll (API version 3709383).
LogModuleManager: Display: Found up-to-date module file ../../../Engine/Plugins/Messaging/TcpMessaging/Binaries/Win64/UE4Editor-TcpMessaging.dll (API version 3709383).
LogModuleManager: Display: Found up-to-date module file ../../../Engine/Plugins/Messaging/UdpMessaging/Binaries/Win64/UE4Editor-UdpMessaging.dll (API version 3709383).
LogModuleManager: Display: Found up-to-date module file ../../../Engine/Plugins/MovieScene/ActorSequence/Binaries/Win64/UE4Editor-ActorSequence.dll (API version 3709383).
LogModuleManager: Display: Found up-to-date module file ../../../Engine/Plugins/MovieScene/LevelSequenceEditor/Binaries/Win64/UE4Editor-LevelSequenceEditor.dll (API version 3709383).
LogModuleManager: Display: Found up-to-date module file ../../../Engine/Plugins/MovieScene/MatineeToLevelSequence/Binaries/Win64/UE4Editor-MatineeToLevelSequence.dll (API version 3709383).
LogModuleManager: Display: Found up-to-date module file ../../../Engine/Plugins/Online/OnlineSubsystem/Binaries/Win64/UE4Editor-OnlineSubsystem.dll (API version 3709383).
LogModuleManager: Display: Found up-to-date module file ../../../Engine/Plugins/Runtime/AndroidPermission/Binaries/Win64/UE4Editor-AndroidPermission.dll (API version 3709383).
LogModuleManager: Display: Found up-to-date module file ../../../Engine/Plugins/Online/OnlineSubsystemNull/Binaries/Win64/UE4Editor-OnlineSubsystemNull.dll (API version 3709383).
LogModuleManager: Display: Found up-to-date module file ../../../Engine/Plugins/Online/OnlineSubsystemUtils/Binaries/Win64/UE4Editor-OnlineSubsystemUtils.dll (API version 3709383).
LogModuleManager: Display: Found up-to-date module file ../../../Engine/Plugins/Online/OnlineSubsystemUtils/Binaries/Win64/UE4Editor-OnlineBlueprintSupport.dll (API version 3709383).
LogModuleManager: Display: Found up-to-date module file ../../../Engine/Plugins/Runtime/AndroidDeviceProfileSelector/Binaries/Win64/UE4Editor-AndroidDeviceProfileSelector.dll (API version 3709383).
LogModuleManager: Display: Found up-to-date module file ../../../Engine/Plugins/Runtime/AppleARKit/Binaries/Win64/UE4Editor-AppleARKit.dll (API version 3709383).
LogModuleManager: Display: Found up-to-date module file ../../../Engine/Plugins/Runtime/ArchVisCharacter/Binaries/Win64/UE4Editor-ArchVisCharacter.dll (API version 3709383).
LogModuleManager: Display: Found up-to-date module file ../../../Engine/Plugins/Runtime/CableComponent/Binaries/Win64/UE4Editor-CableComponent.dll (API version 3709383).
LogModuleManager: Display: Found up-to-date module file ../../../Engine/Plugins/Runtime/CustomMeshComponent/Binaries/Win64/UE4Editor-CustomMeshComponent.dll (API version 3709383).
LogModuleManager: Display: Found up-to-date module file ../../../Engine/Plugins/Runtime/ExampleDeviceProfileSelector/Binaries/Win64/UE4Editor-ExampleDeviceProfileSelector.dll (API version 3709383).
LogModuleManager: Display: Found up-to-date module file ../../../Engine/Plugins/Runtime/ImmediatePhysics/Binaries/Win64/UE4Editor-ImmediatePhysics.dll (API version 3709383).
LogModuleManager: Display: Found up-to-date module file ../../../Engine/Plugins/Runtime/ImmediatePhysics/Binaries/Win64/UE4Editor-ImmediatePhysicsEditor.dll (API version 3709383).
LogModuleManager: Display: Found up-to-date module file ../../../Engine/Plugins/Runtime/LocationServicesBPLibrary/Binaries/Win64/UE4Editor-LocationServicesBPLibrary.dll (API version 3709383).
LogModuleManager: Display: Found up-to-date module file ../../../Engine/Plugins/Runtime/MobilePatchingUtils/Binaries/Win64/UE4Editor-MobilePatchingUtils.dll (API version 3709383).
LogModuleManager: Display: Found up-to-date module file ../../../Engine/Plugins/Runtime/Oculus/OculusVR/Binaries/Win64/UE4Editor-OculusHMD.dll (API version 3709383).
LogModuleManager: Display: Found up-to-date module file ../../../Engine/Plugins/Runtime/Oculus/OculusVR/Binaries/Win64/UE4Editor-OculusInput.dll (API version 3709383).
LogModuleManager: Display: Found up-to-date module file ../../../Engine/Plugins/Runtime/Oculus/OculusVR/Binaries/Win64/UE4Editor-OculusEditor.dll (API version 3709383).
LogModuleManager: Display: Found up-to-date module file ../../../Engine/Plugins/Runtime/PhysXVehicles/Binaries/Win64/UE4Editor-PhysXVehicles.dll (API version 3709383).
LogModuleManager: Display: Found up-to-date module file ../../../Engine/Plugins/Runtime/PhysXVehicles/Binaries/Win64/UE4Editor-PhysXVehiclesEditor.dll (API version 3709383).
LogModuleManager: Display: Found up-to-date module file ../../../Engine/Plugins/Runtime/ProceduralMeshComponent/Binaries/Win64/UE4Editor-ProceduralMeshComponent.dll (API version 3709383).
LogModuleManager: Display: Found up-to-date module file ../../../Engine/Plugins/Runtime/ProceduralMeshComponent/Binaries/Win64/UE4Editor-ProceduralMeshComponentEditor.dll (API version 3709383).
LogModuleManager: Display: Found up-to-date module file ../../../Engine/Plugins/Runtime/RuntimePhysXCooking/Binaries/Win64/UE4Editor-RuntimePhysXCooking.dll (API version 3709383).
LogModuleManager: Display: Found up-to-date module file ../../../Engine/Plugins/Runtime/Steam/SteamVR/Binaries/Win64/UE4Editor-SteamVR.dll (API version 3709383).
LogModuleManager: Display: Found up-to-date module file ../../../Engine/Plugins/Runtime/Steam/SteamVR/Binaries/Win64/UE4Editor-SteamVRController.dll (API version 3709383).
LogModuleManager: Display: Found up-to-date module file ../../../Engine/Plugins/Runtime/WindowsMoviePlayer/Binaries/Win64/UE4Editor-WindowsMoviePlayer.dll (API version 3709383).
LogPluginManager: Mounting plugin Paper2D
LogPluginManager: Mounting plugin LightPropagationVolume
LogPluginManager: Mounting plugin CodeLiteSourceCodeAccess
LogPluginManager: Mounting plugin GitSourceControl
LogPluginManager: Mounting plugin KDevelopSourceCodeAccess
LogPluginManager: Mounting plugin NullSourceCodeAccess
LogPluginManager: Mounting plugin PerforceSourceControl
LogPluginManager: Mounting plugin SubversionSourceControl
LogPluginManager: Mounting plugin UObjectPlugin
LogPluginManager: Mounting plugin VisualStudioCodeSourceCodeAccess
LogPluginManager: Mounting plugin VisualStudioSourceCodeAccess
LogPluginManager: Mounting plugin XCodeSourceCodeAccess
LogPluginManager: Mounting plugin AssetManagerEditor
LogPluginManager: Mounting plugin AudioCapture
LogPluginManager: Mounting plugin FacialAnimation
LogPluginManager: Mounting plugin GameplayTagsEditor
LogPluginManager: Mounting plugin MobileLauncherProfileWizard
LogPluginManager: Mounting plugin PluginBrowser
LogPluginManager: Mounting plugin SpeedTreeImporter
LogPluginManager: Mounting plugin AlembicImporter
LogPluginManager: Mounting plugin CharacterAI
LogPluginManager: Mounting plugin HTML5Networking
LogPluginManager: Mounting plugin AndroidMedia
LogPluginManager: Mounting plugin AvfMedia
LogPluginManager: Mounting plugin ImgMedia
LogPluginManager: Mounting plugin MediaCompositing
LogPluginManager: Mounting plugin MediaPlayerEditor
LogPluginManager: Mounting plugin WmfMedia
LogPluginManager: Mounting plugin TcpMessaging
LogPluginManager: Mounting plugin UdpMessaging
LogPluginManager: Mounting plugin ActorSequence
LogPluginManager: Mounting plugin LevelSequenceEditor
LogPluginManager: Mounting plugin MatineeToLevelSequence
LogPluginManager: Mounting plugin OnlineSubsystemGooglePlay
LogPluginManager: Mounting plugin OnlineSubsystemIOS
LogPluginManager: Mounting plugin OnlineSubsystem
LogPluginManager: Mounting plugin OnlineSubsystemNull
LogPluginManager: Mounting plugin OnlineSubsystemUtils
LogPluginManager: Mounting plugin AndroidDeviceProfileSelector
LogPluginManager: Mounting plugin AndroidMoviePlayer
LogPluginManager: Mounting plugin AndroidPermission
LogPluginManager: Mounting plugin AppleARKit
LogPluginManager: Mounting plugin AppleMoviePlayer
LogPluginManager: Mounting plugin ArchVisCharacter
LogPluginManager: Mounting plugin CableComponent
LogPluginManager: Mounting plugin CustomMeshComponent
LogPluginManager: Mounting plugin ExampleDeviceProfileSelector
LogPluginManager: Mounting plugin GoogleCloudMessaging
LogPluginManager: Mounting plugin ImmediatePhysics
LogPluginManager: Mounting plugin IOSDeviceProfileSelector
LogPluginManager: Mounting plugin LinuxDeviceProfileSelector
LogPluginManager: Mounting plugin LocationServicesBPLibrary
LogPluginManager: Mounting plugin MobilePatchingUtils
LogPluginManager: Mounting plugin OculusVR
LogPluginManager: Plugin shader directory ../../../Engine/Plugins/Runtime/Oculus/OculusVR/Shaders found
LogPluginManager: Mapping shader source directory ../../../Engine/Plugins/Runtime/Oculus/OculusVR/Shaders to virtual directory /Plugin/OculusVR
LogPluginManager: Mounting plugin PhysXVehicles
LogPluginManager: Mounting plugin ProceduralMeshComponent
LogPluginManager: Mounting plugin RuntimePhysXCooking
LogPluginManager: Mounting plugin SteamVR
LogPluginManager: Mounting plugin WindowsMoviePlayer
LogInit: Using libcurl 7.47.1
LogInit:  - built for x86_64-pc-win32
LogInit:  - supports SSL with OpenSSL/1.0.2g
LogInit:  - supports HTTP deflate (compression) using libz 1.2.8
LogInit:  - other features:
LogInit:      CURL_VERSION_SSL
LogInit:      CURL_VERSION_LIBZ
LogInit:      CURL_VERSION_IPV6
LogInit:      CURL_VERSION_ASYNCHDNS
LogInit:      CURL_VERSION_LARGEFILE
LogInit:      CURL_VERSION_IDN
LogInit:  CurlRequestOptions (configurable via config and command line):
LogInit:  - bVerifyPeer = false  - Libcurl will NOT verify peer certificate
LogInit:  - bUseHttpProxy = false  - Libcurl will NOT use HTTP proxy
LogInit:  - bDontReuseConnections = false  - Libcurl will reuse connections
LogInit:  - CertBundlePath = nullptr  - Libcurl will use whatever was configured at build time.
LogInit: Build: ++UE4+Release-4.18-CL-3832480
LogInit: Engine Version: 4.18.3-3832480+++UE4+Release-4.18
LogInit: Compatible Engine Version: 4.18.0-3709383+++UE4+Release-4.18
LogInit: Net CL: 3709383
LogDevObjectVersion: Number of dev versions registered: 16
LogDevObjectVersion:   Dev-Blueprints (B0D832E4-1F89-4F0D-ACCF-7EB736FD4AA2): 10
LogDevObjectVersion:   Dev-Build (E1C64328-A22C-4D53-A36C-8E866417BD8C): 0
LogDevObjectVersion:   Dev-Core (375EC13C-06E4-48FB-B500-84F0262A717E): 2
LogDevObjectVersion:   Dev-Editor (E4B068ED-F494-42E9-A231-DA0B2E46BB41): 20
LogDevObjectVersion:   Dev-Framework (CFFC743F-43B0-4480-9391-14DF171D2073): 30
LogDevObjectVersion:   Dev-Mobile (B02B49B5-BB20-44E9-A304-32B752E40360): 0
LogDevObjectVersion:   Dev-Networking (A4E4105C-59A1-49B5-A7C5-40C4547EDFEE): 0
LogDevObjectVersion:   Dev-Online (39C831C9-5AE6-47DC-9A44-9C173E1C8E7C): 0
LogDevObjectVersion:   Dev-Physics (78F01B33-EBEA-4F98-B9B4-84EACCB95AA2): 0
LogDevObjectVersion:   Dev-Platform (6631380F-2D4D-43E0-8009-CF276956A95A): 0
LogDevObjectVersion:   Dev-Rendering (12F88B9F-8875-4AFC-A67C-D90C383ABD29): 20
LogDevObjectVersion:   Dev-Sequencer (7B5AE74C-D270-4C10-A958-57980B212A5A): 4
LogDevObjectVersion:   Dev-VR (D7296918-1DD6-4BDD-9DE2-64A83CC13884): 0
LogDevObjectVersion:   Dev-LoadTimes (C2A15278-BFE7-4AFE-6C17-90FF531DF755): 1
LogDevObjectVersion:   Private-Geometry (6EACA3D4-40EC-4CC1-B786-8BED09428FC5): 1
LogDevObjectVersion:   Dev-AnimPhys (29E575DD-E0A3-4627-9D10-D276232CDCEA): 12
LogInit: Compiled (64-bit): Jan 12 2018 02:04:55
LogInit: Compiled with Visual C++: 19.00.24215.01
LogInit: Build Configuration: Development
LogInit: Branch Name: ++UE4+Release-4.18
LogInit: Command line:  
LogInit: Base directory: C:/Program Files/Epic Games/UE_4.18/Engine/Binaries/Win64/
LogInit: Installed Engine Build: 1
LogInit: Presizing for max 8388607 objects, including 0 objects not considered by GC, pre-allocating 0 bytes for permanent pool.
LogInit: Object subsystem initialized
[2020.09.23-00.26.19:230][  0]LogInit: Selected Device Profile: [Windows]
[2020.09.23-00.26.19:230][  0]LogInit: Applying CVar settings loaded from the selected device profile: [Windows]
[2020.09.23-00.26.19:304][  0]LogInit: Computer: LAPTOP-I9MQC5NQ
[2020.09.23-00.26.19:304][  0]LogInit: User: crist
[2020.09.23-00.26.19:304][  0]LogInit: CPU Page size=4096, Cores=4
[2020.09.23-00.26.19:304][  0]LogInit: High frequency timer resolution =10.000000 MHz
[2020.09.23-00.26.19:305][  0]LogMemory: Memory total: Physical=11.9GB (12GB approx)
[2020.09.23-00.26.19:305][  0]LogMemory: Platform Memory Stats for Windows
[2020.09.23-00.26.19:305][  0]LogMemory: Process Physical Memory: 276.05 MB used, 276.05 MB peak
[2020.09.23-00.26.19:305][  0]LogMemory: Process Virtual Memory: 269.90 MB used, 269.90 MB peak
[2020.09.23-00.26.19:305][  0]LogMemory: Physical Memory: 7935.55 MB used,  4239.30 MB free, 12174.85 MB total
[2020.09.23-00.26.19:305][  0]LogMemory: Virtual Memory: 4764.02 MB used,  4239.30 MB free, 134217728.00 MB total
[2020.09.23-00.26.20:030][  0]LogInit: Overriding language with editor language configuration option (en).
[2020.09.23-00.26.20:030][  0]LogInit: Overriding locale with editor locale configuration option (en).
[2020.09.23-00.26.20:522][  0]LogInit: Setting process to per monitor DPI aware
[2020.09.23-00.26.27:564][  0]LogD3D11RHI: D3D11 adapters:
[2020.09.23-00.26.28:896][  0]LogD3D11RHI:    0. 'NVIDIA GeForce GTX 1050' (Feature Level 11_0)
[2020.09.23-00.26.28:896][  0]LogD3D11RHI:       4019/0/6087 MB DedicatedVideo/DedicatedSystem/SharedSystem, Outputs:1, VendorId:0x10de
[2020.09.23-00.26.28:990][  0]LogD3D11RHI:    1. 'Intel(R) HD Graphics 630' (Feature Level 11_0)
[2020.09.23-00.26.28:990][  0]LogD3D11RHI:       128/0/6087 MB DedicatedVideo/DedicatedSystem/SharedSystem, Outputs:0, VendorId:0x8086
[2020.09.23-00.26.29:014][  0]LogD3D11RHI:    2. 'Microsoft Basic Render Driver' (Feature Level 11_0)
[2020.09.23-00.26.29:014][  0]LogD3D11RHI:       0/0/6087 MB DedicatedVideo/DedicatedSystem/SharedSystem, Outputs:0, VendorId:0x1414
[2020.09.23-00.26.29:014][  0]LogD3D11RHI: Chosen D3D11 Adapter: 0
[2020.09.23-00.26.29:081][  0]LogD3D11RHI: Creating new Direct3DDevice
[2020.09.23-00.26.29:081][  0]LogD3D11RHI:     GPU DeviceId: 0x1c8d (for the marketing name, search the web for "GPU Device Id")
[2020.09.23-00.26.29:081][  0]LogWindows: EnumDisplayDevices:
[2020.09.23-00.26.29:081][  0]LogWindows:    0. 'Intel(R) HD Graphics 630' (P:1 D:1)
[2020.09.23-00.26.29:081][  0]LogWindows:    1. 'Intel(R) HD Graphics 630' (P:0 D:0)
[2020.09.23-00.26.29:082][  0]LogWindows:    2. 'Intel(R) HD Graphics 630' (P:0 D:0)
[2020.09.23-00.26.29:082][  0]LogWindows:    3. 'NVIDIA GeForce GTX 1050' (P:0 D:0)
[2020.09.23-00.26.29:082][  0]LogWindows:    4. 'NVIDIA GeForce GTX 1050' (P:0 D:0)
[2020.09.23-00.26.29:082][  0]LogWindows:    5. 'NVIDIA GeForce GTX 1050' (P:0 D:0)
[2020.09.23-00.26.29:083][  0]LogWindows:    6. 'NVIDIA GeForce GTX 1050' (P:0 D:0)
[2020.09.23-00.26.29:083][  0]LogWindows: DebugString: GetVideoDriverDetailsInvalid PrimaryIsNotTheChoosenAdapter GetVideoDriverDetailsInvalid PrimaryIsNotTheChoosenAdapter GetVideoDriverDetailsInvalid PrimaryIsNotTheChoosenAdapter GetVideoDriverDetailsInvalid PrimaryIsNotTheChoosenAdapter GetVideoDriverDetailsInvalid PrimaryIsNotTheChoosenAdapter GetVideoDriverDetailsInvalid PrimaryIsNotTheChoosenAdapter GetVideoDriverDetailsInvalid PrimaryIsNotTheChoosenAdapter FoundDriverCount:0 
[2020.09.23-00.26.29:083][  0]LogD3D11RHI:     Adapter Name: NVIDIA GeForce GTX 1050
[2020.09.23-00.26.29:083][  0]LogD3D11RHI:   Driver Version: Unknown (internal:Unknown, unified:Unknown)
[2020.09.23-00.26.29:083][  0]LogD3D11RHI:      Driver Date: Unknown
[2020.09.23-00.26.29:083][  0]LogRHI: Texture pool is 2813 MB (70% of 4019 MB)
[2020.09.23-00.26.29:201][  0]LogD3D11RHI: Async texture creation enabled
[2020.09.23-00.26.29:225][  0]LogD3D11RHI: GPU Timing Frequency: 1000.000000 (Debug: 2 1)
[2020.09.23-00.26.29:228][  0]LogShaderCompilers: Guid format shader working directory is -52 characters bigger than the processId version (../../../../../../Users/crist/OneDrive/Escritorio/repositorios/Taller_practico_01/TallerpPractico/Intermediate/Shaders/WorkingDirectory/23260/).
[2020.09.23-00.26.29:228][  0]LogShaderCompilers: Cleaned the shader compiler working directory 'C:/Users/crist/AppData/Local/Temp/UnrealShaderWorkingDir/33D649CE468AB4775176C8BC86F80229/'.
[2020.09.23-00.26.29:228][  0]LogShaderCompilers: Display: Using Local Shader Compiler.
[2020.09.23-00.26.31:226][  0]LogTemp: Display: Loaded TP AllDesktopTargetPlatform
[2020.09.23-00.26.31:378][  0]LogTemp: Display: Loaded TP MacClientTargetPlatform
[2020.09.23-00.26.31:510][  0]LogTemp: Display: Loaded TP MacNoEditorTargetPlatform
[2020.09.23-00.26.31:646][  0]LogTemp: Display: Loaded TP MacServerTargetPlatform
[2020.09.23-00.26.31:812][  0]LogTemp: Display: Loaded TP MacTargetPlatform
[2020.09.23-00.26.31:949][  0]LogTemp: Display: Loaded TP WindowsClientTargetPlatform
[2020.09.23-00.26.32:080][  0]LogTemp: Display: Loaded TP WindowsNoEditorTargetPlatform
[2020.09.23-00.26.32:220][  0]LogTemp: Display: Loaded TP WindowsServerTargetPlatform
[2020.09.23-00.26.32:368][  0]LogTemp: Display: Loaded TP WindowsTargetPlatform
[2020.09.23-00.26.32:496][  0]LogTemp: Display: Loaded TP Android_ASTCTargetPlatform
[2020.09.23-00.26.32:639][  0]LogTemp: Display: Loaded TP Android_ATCTargetPlatform
[2020.09.23-00.26.32:768][  0]LogTemp: Display: Loaded TP Android_DXTTargetPlatform
[2020.09.23-00.26.32:900][  0]LogTemp: Display: Loaded TP Android_ETC1TargetPlatform
[2020.09.23-00.26.33:033][  0]LogTemp: Display: Loaded TP Android_ETC2TargetPlatform
[2020.09.23-00.26.33:295][  0]LogTemp: Display: Loaded TP Android_MultiTargetPlatform
[2020.09.23-00.26.33:296][  0]LogTemp: Display: Loaded TP Android_PVRTCTargetPlatform
[2020.09.23-00.26.33:465][  0]LogTemp: Display: Loaded TP AndroidTargetPlatform
[2020.09.23-00.26.33:590][  0]LogTemp: Display: Loaded TP HTML5TargetPlatform
[2020.09.23-00.26.33:822][  0]LogTemp: Display: Loaded TP IOSTargetPlatform
[2020.09.23-00.26.33:900][  0]LogTemp: Display: Loaded TP TVOSTargetPlatform
[2020.09.23-00.26.34:032][  0]LogTemp: Display: Loaded TP LinuxClientTargetPlatform
[2020.09.23-00.26.34:164][  0]LogTemp: Display: Loaded TP LinuxNoEditorTargetPlatform
[2020.09.23-00.26.34:281][  0]LogTemp: Display: Loaded TP LinuxServerTargetPlatform
[2020.09.23-00.26.34:469][  0]LogTemp: Display: Loaded TP LinuxTargetPlatform
[2020.09.23-00.26.34:469][  0]LogTargetPlatformManager: Display: Building Assets For Windows
[2020.09.23-00.26.36:492][  0]LogDerivedDataCache: Display: Max Cache Size: 512 MB
[2020.09.23-00.26.36:580][  0]LogDerivedDataCache: Loaded boot cache 0.09s 78MB C:/Users/crist/AppData/Local/UnrealEngine/4.18/DerivedDataCache/Boot.ddc.
[2020.09.23-00.26.36:580][  0]LogDerivedDataCache: Display: Loaded Boot cache: C:/Users/crist/AppData/Local/UnrealEngine/4.18/DerivedDataCache/Boot.ddc
[2020.09.23-00.26.36:580][  0]LogDerivedDataCache: FDerivedDataBackendGraph:  Pak pak cache file ../../../../../../Users/crist/OneDrive/Escritorio/repositorios/Taller_practico_01/TallerpPractico/DerivedDataCache/DDC.ddp not found, will not use a pak cache.
[2020.09.23-00.26.36:580][  0]LogDerivedDataCache: Unable to find inner node Pak for hierarchical cache Hierarchy.
[2020.09.23-00.26.36:580][  0]LogDerivedDataCache: FDerivedDataBackendGraph:  CompressedPak pak cache file ../../../../../../Users/crist/OneDrive/Escritorio/repositorios/Taller_practico_01/TallerpPractico/DerivedDataCache/Compressed.ddp not found, will not use a pak cache.
[2020.09.23-00.26.36:580][  0]LogDerivedDataCache: Unable to find inner node CompressedPak for hierarchical cache Hierarchy.
[2020.09.23-00.26.36:598][  0]LogDerivedDataCache: Display: Pak cache opened for reading ../../../Engine/DerivedDataCache/Compressed.ddp.
[2020.09.23-00.26.36:612][  0]LogDerivedDataCache: Using Local data cache path C:/Users/crist/AppData/Local/UnrealEngine/Common/DerivedDataCache: Writable
[2020.09.23-00.26.36:623][  0]LogMaterial: Verifying Global Shaders for PCD3D_SM5
[2020.09.23-00.26.36:623][  0]LogSlate: Using Freetype 2.6.0
[2020.09.23-00.26.36:858][  0]LogSlate: SlateFontCache - WITH_FREETYPE: 1, WITH_HARFBUZZ: 1
[2020.09.23-00.26.36:858][  0]LogSlate: SlateFontCache - WITH_FREETYPE: 1, WITH_HARFBUZZ: 1
[2020.09.23-00.26.37:493][  0]LogInit: Selected Device Profile: [Windows]
[2020.09.23-00.26.39:182][  0]LogSimplygon: Simplygon DLL not present - disabling.
[2020.09.23-00.26.39:470][  0]LogMeshReduction: Using SimplygonSwarm for distributed automatic mesh merging
[2020.09.23-00.26.39:470][  0]LogMeshReduction: Using QuadricMeshReduction for automatic static mesh reduction
[2020.09.23-00.26.39:470][  0]LogMeshReduction: No automatic skeletal mesh reduction module available
[2020.09.23-00.26.39:470][  0]LogMeshReduction: No automatic mesh merging module available
[2020.09.23-00.26.39:470][  0]LogMeshMerging: No automatic mesh merging module available
[2020.09.23-00.26.39:520][  0]LogNetVersion: TallerpPractico , NetCL: 3709383, EngineNetVer: 2, GameNetVer: 0 (Checksum: 1225395485)
[2020.09.23-00.26.39:957][  0]LogAssetRegistry: FAssetRegistry took 0.0278 seconds to start up
[2020.09.23-00.26.40:861][  0]LogPackageLocalizationCache: Processed 7 localized package path(s) for 1 prioritized culture(s) in 0.073441 seconds
[2020.09.23-00.26.40:868][  0]LogUObjectArray: 35870 objects as part of root set at end of initial load.
[2020.09.23-00.26.40:868][  0]LogUObjectAllocator: 7363696 out of 0 bytes used by permanent object pool.
[2020.09.23-00.26.40:868][  0]LogUObjectArray: CloseDisregardForGC: 0/0 objects in disregard for GC pool
[2020.09.23-00.26.41:036][  0]LogInit: WinSock: version 1.1 (2.2), MaxSocks=32767, MaxUdp=65467
[2020.09.23-00.26.49:748][  0]LogTcpMessaging: Initializing TcpMessaging bridge
[2020.09.23-00.26.49:862][  0]LogUdpMessaging: Initializing bridge on interface 0.0.0.0:0 to multicast group 230.0.0.1:6666.
[2020.09.23-00.26.49:894][  0]FUdpSocketBuilder: Failed to subscribe UdpMessageMulticastSocket to multicast group 230.0.0.1
[2020.09.23-00.26.49:895][  0]FUdpSocketBuilder: Failed to create and initialize socket UdpMessageMulticastSocket (last error: 0)
[2020.09.23-00.26.49:895][  0]LogUdpMessaging: Warning: StartTransport failed to create multicast socket on 0.0.0.0:0, joined to 230.0.0.1:6666 with TTL 1
[2020.09.23-00.26.51:771][  0]LogMaterial: Uniform references updated for custom material expression Custom.
[2020.09.23-00.26.52:949][  0]SourceControl: Source control is disabled
[2020.09.23-00.26.52:949][  0]SourceControl: Source control is disabled
[2020.09.23-00.26.53:120][  0]SourceControl: Source control is disabled
[2020.09.23-00.26.53:283][  0]SourceControl: Source control is disabled
[2020.09.23-00.26.55:720][  0]LogAndroidPermission: UAndroidPermissionCallbackProxy::GetInstance
[2020.09.23-00.26.56:544][  0]LogOcInput: OculusInput pre-init called
[2020.09.23-00.26.57:386][  0]LogEngine: Initializing Engine...
[2020.09.23-00.26.57:425][  0]LogHMD: Failed to initialize OpenVR with code 110
[2020.09.23-00.26.57:716][  0]LogStats: UGameplayTagsManager::ConstructGameplayTagTree: Construct from data asset -  0.000 s
[2020.09.23-00.26.57:716][  0]LogStats: UGameplayTagsManager::ConstructGameplayTagTree: GameplayTagTreeChangedEvent.Broadcast -  0.000 s
[2020.09.23-00.26.58:229][  0]LogAIModule: Creating AISystem for world Untitled
[2020.09.23-00.26.58:268][  0]LogInit: XAudio2 using 'Altavoz/Auricular (Realtek High Definition Audio)' : 2 channels at 48 kHz using 32 bits per sample (channel mask 0x3)
[2020.09.23-00.26.58:358][  0]LogInit: FAudioDevice initialized.
[2020.09.23-00.26.58:626][  0]LogDerivedDataCache: Saved boot cache 0.27s 78MB C:/Users/crist/AppData/Local/UnrealEngine/4.18/DerivedDataCache/Boot.ddc.
[2020.09.23-00.26.58:648][  0]LogInit: Texture streaming: Enabled
[2020.09.23-00.26.59:064][  0]LogEngineSessionManager: EngineSessionManager initialized
[2020.09.23-00.26.59:081][  0]LogEngineSessionManager: EngineSessionManager sent abnormal shutdown report. Type=Crashed, SessionId={A9FDE3C9-4E84-73CE-36C6-BE82872B9AE0}
[2020.09.23-00.26.59:477][  0]LogInit: Transaction tracking system initialized
[2020.09.23-00.27.00:452][  0]BlueprintLog: New page: Editor Load
[2020.09.23-00.27.03:395][  0]LocalizationService: Localization service is disabled
[2020.09.23-00.27.05:765][  0]LogConsoleResponse: Display: 
[2020.09.23-00.27.06:086][  0]LogCook: Display: Max memory allowance for cook 16384mb min free memory 0mb
[2020.09.23-00.27.06:086][  0]LogCook: Display: Mobile HDR setting 1
[2020.09.23-00.27.06:086][  0]LogGameplayTags: Display: UGameplayTagsManager::DoneAddingNativeTags. DelegateIsBound: 0
[2020.09.23-00.27.06:168][  0]LogFileCache: Scanning file cache for directory 'C:/Users/crist/OneDrive/Escritorio/repositorios/Taller_practico_01/TallerpPractico/Content/' took 0.02s
[2020.09.23-00.27.09:734][  0]SourceControl: Source control is disabled
[2020.09.23-00.27.09:735][  0]LightingResults: New page: Lighting Build
[2020.09.23-00.27.09:893][  0]MapCheck: New page: Map Check
[2020.09.23-00.27.09:894][  0]LightingResults: New page: Lighting Build
[2020.09.23-00.27.10:496][  0]LogAIModule: Creating AISystem for world ThirdPersonExampleMap
[2020.09.23-00.27.10:565][  0]LogEditorServer: Finished looking for orphan Actors (0.000 secs)
[2020.09.23-00.27.10:577][  0]Cmd: MAP CHECKDEP NOCLEARLOG
[2020.09.23-00.27.10:688][  0]MapCheck: Map check complete: 0 Error(s), 0 Warning(s), took 110.196ms to complete.
[2020.09.23-00.27.10:688][  0]LogFileHelpers: Loading map 'ThirdPersonExampleMap' took 0.954
[2020.09.23-00.27.10:984][  0]LogCollectionManager: Loaded 0 collections in 0.002302 seconds
[2020.09.23-00.27.11:154][  0]LogFileCache: Scanning file cache for directory 'C:/Users/crist/OneDrive/Escritorio/repositorios/Taller_practico_01/TallerpPractico/Saved/Collections/' took 0.01s
[2020.09.23-00.27.11:154][  0]LogFileCache: Scanning file cache for directory 'C:/Users/crist/OneDrive/Escritorio/repositorios/Taller_practico_01/TallerpPractico/Content/Developers/crist/Collections/' took 0.01s
[2020.09.23-00.27.11:154][  0]LogFileCache: Scanning file cache for directory 'C:/Users/crist/OneDrive/Escritorio/repositorios/Taller_practico_01/TallerpPractico/Content/Collections/' took 0.01s
[2020.09.23-00.27.11:154][  0]LogCollectionManager: Rebuilt the GUID cache for 0 collections in 0.000000 seconds
[2020.09.23-00.27.11:162][  0]LogContentBrowser: Native class hierarchy populated in 0.0083 seconds. Added 2363 classes and 519 folders.
[2020.09.23-00.27.11:395][  0]LogContentBrowser: Native class hierarchy updated for 'WidgetCarousel' in 0.0004 seconds. Added 0 classes and 0 folders.
[2020.09.23-00.27.11:462][  0]LogContentBrowser: Native class hierarchy updated for 'AddContentDialog' in 0.0002 seconds. Added 0 classes and 0 folders.
[2020.09.23-00.27.11:621][  0]LogContentBrowser: Native class hierarchy updated for 'SceneOutliner' in 0.0004 seconds. Added 1 classes and 2 folders.
[2020.09.23-00.27.11:652][  0]LogSlate: Took 0.000388 seconds to synchronously load lazily loaded font '../../../Engine/Content/Slate/Fonts/Roboto-Regular.ttf' (155K)
[2020.09.23-00.27.11:656][  0]LogSlate: Took 0.000432 seconds to synchronously load lazily loaded font '../../../Engine/Content/Slate/Fonts/Roboto-Bold.ttf' (160K)
[2020.09.23-00.27.11:664][  0]LogSlate: Took 0.000507 seconds to synchronously load lazily loaded font '../../../Engine/Content/Editor/Slate/Fonts/FontAwesome.ttf' (139K)
[2020.09.23-00.27.11:792][  0]LogRenderer: Reallocating scene render targets to support 964x436 Format 10 NumSamples 1 (Frame:1).
[2020.09.23-00.27.12:169][  0]LogContentBrowser: Native class hierarchy updated for 'HierarchicalLODOutliner' in 0.0007 seconds. Added 1 classes and 2 folders.
[2020.09.23-00.27.12:169][  0]LogLoad: (Engine Initialization) Total time: 61.28 seconds
[2020.09.23-00.27.12:169][  0]LogLoad: (Engine Initialization) Total Blueprint compile time: 0.00 seconds
[2020.09.23-00.27.12:170][  0]LogExternalProfiler: No external profilers were discovered.  External profiling features will not be available.
[2020.09.23-00.27.12:530][  0]LogContentStreaming: Texture pool size now 1000 MB
[2020.09.23-00.27.12:597][  0]LogSlate: Took 0.000260 seconds to synchronously load lazily loaded font '../../../Engine/Content/Slate/Fonts/Roboto-Light.ttf' (159K)
[2020.09.23-00.27.12:852][  1]LogAssetRegistry: Asset discovery search completed in 32.9178 seconds
[2020.09.23-00.27.12:856][  1]LogCollectionManager: Rebuilt the object cache for 0 collections in 0.000000 seconds (found 0 objects)
[2020.09.23-00.27.12:856][  1]LogCollectionManager: Fixed up redirectors for 0 collections in 0.000086 seconds (updated 0 objects)
[2020.09.23-00.27.13:513][  3]LogSlate: Took 0.000529 seconds to synchronously load lazily loaded font '../../../Engine/Content/Slate/Fonts/Roboto-Light.ttf' (159K)
[2020.09.23-00.27.36:629][327]LogSlate: Took 0.000215 seconds to synchronously load lazily loaded font '../../../Engine/Content/Slate/Fonts/Roboto-Light.ttf' (159K)
[2020.09.23-00.27.37:332][327]LogSlate: Took 0.000199 seconds to synchronously load lazily loaded font '../../../Engine/Content/Slate/Fonts/Roboto-Regular.ttf' (155K)
[2020.09.23-00.27.37:552][327]LogContentBrowser: Native class hierarchy updated for 'BlueprintGraph' in 0.0007 seconds. Added 116 classes and 0 folders.
[2020.09.23-00.27.38:412][327]LogSlate: Took 0.000353 seconds to synchronously load lazily loaded font '../../../Engine/Content/Editor/Slate/Fonts/Roboto-BoldCondensed.ttf' (158K)
[2020.09.23-00.27.40:542][424]LogSlate: Took 0.000313 seconds to synchronously load lazily loaded font '../../../Engine/Content/Editor/Slate/Fonts/Roboto-Italic.ttf' (157K)
[2020.09.23-00.27.47:024][688]LogSavePackage: Save=738.13ms
[2020.09.23-00.27.47:024][688]LogSavePackage: Moving '../../../../../../Users/crist/OneDrive/Escritorio/repositorios/Taller_practico_01/TallerpPractico/Saved/ThirdPersonExampleMapCF21A2CB4B4B798D5C5050BAA542AF28.tmp' to '../../../../../../Users/crist/OneDrive/Escritorio/repositorios/Taller_practico_01/TallerpPractico/Content/ThirdPersonBP/Maps/ThirdPersonExampleMap.umap'
[2020.09.23-00.27.47:036][688]LogSavePackage: Display: Finished SavePackage ../../../../../../Users/crist/OneDrive/Escritorio/repositorios/Taller_practico_01/TallerpPractico/Content/ThirdPersonBP/Maps/ThirdPersonExampleMap.umap
[2020.09.23-00.27.47:397][688]LogSavePackage: Save=227.69ms
[2020.09.23-00.27.47:397][688]LogSavePackage: Moving '../../../../../../Users/crist/OneDrive/Escritorio/repositorios/Taller_practico_01/TallerpPractico/Saved/ThirdPersonExampleMap_BuiltData8FF4E16E4771CFDB2C987AAFEEFFD728.tmp' to '../../../../../../Users/crist/OneDrive/Escritorio/repositorios/Taller_practico_01/TallerpPractico/Content/ThirdPersonBP/Maps/ThirdPersonExampleMap_BuiltData.uasset'
[2020.09.23-00.27.47:401][688]LogSavePackage: Display: Finished SavePackage ../../../../../../Users/crist/OneDrive/Escritorio/repositorios/Taller_practico_01/TallerpPractico/Content/ThirdPersonBP/Maps/ThirdPersonExampleMap_BuiltData.uasset
[2020.09.23-00.29.02:323][333]LogContentBrowser: Native class hierarchy updated for 'MaterialEditor' in 0.0005 seconds. Added 1 classes and 0 folders.
[2020.09.23-00.29.02:327][333]LogMaterial: Missing cached shader map for material WorldGridMaterial, compiling. 
[2020.09.23-00.29.03:388][333]LogMaterial: Missing cached shader map for material WorldGridMaterial, compiling. Is special engine material.
[2020.09.23-00.29.03:510][333]LogMaterial: Missing cached shader map for material WorldGridMaterial, compiling. Is special engine material.
[2020.09.23-00.29.03:642][333]LogMaterial: Missing cached shader map for material FMatExpressionPreview MaterialExpressionTextureSample_26, compiling. 
[2020.09.23-00.29.03:651][333]LogMaterial: Missing cached shader map for material FMatExpressionPreview MaterialExpressionTextureSample_27, compiling. 
[2020.09.23-00.29.03:662][333]LogMaterial: Missing cached shader map for material FMatExpressionPreview MaterialExpressionTextureSample_28, compiling. 
[2020.09.23-00.29.03:670][333]LogMaterial: Missing cached shader map for material FMatExpressionPreview MaterialExpressionConstant3Vector_6, compiling. 
[2020.09.23-00.29.03:677][333]LogMaterial: Missing cached shader map for material FMatExpressionPreview MaterialExpressionTextureSample_29, compiling. 
[2020.09.23-00.29.04:347][333]LogRenderer: Reallocating scene render targets to support 1144x708 Format 10 NumSamples 1 (Frame:1).
[2020.09.23-00.29.09:892][549]LogStaticMesh: Building static mesh MaterialSphere...
[2020.09.23-00.29.09:985][549]LogStaticMesh: Built static mesh [0.09s] /Game/StarterContent/Props/MaterialSphere.MaterialSphere
[2020.09.23-00.29.17:998][777]MaterialEditorStats: Base pass shader: 134 instructions
[2020.09.23-00.29.17:998][777]MaterialEditorStats: Base pass shader with Volumetric Lightmap: 208 instructions
[2020.09.23-00.29.17:998][777]MaterialEditorStats: Vertex shader: 31 instructions
[2020.09.23-00.29.17:999][777]MaterialEditorStats: Texture samplers: 5/16
[2020.09.23-00.29.17:999][777]MaterialEditorStats: User interpolators: 2/4 Scalars (1/4 Vectors) (TexCoords: 2, Custom: 0)
[2020.09.23-00.37.46:870][176]LogFileHelpers: Editor autosave (incl. sublevels) for '/Game/ThirdPersonBP/Maps/ThirdPersonExampleMap' took 0.023
[2020.09.23-00.37.46:873][176]OBJ SavePackage: Generating thumbnails for [1] asset(s) in package [/Game/ThirdPersonBP/Bullet_BP] ([1] browsable assets)...
[2020.09.23-00.37.46:908][176]OBJ SavePackage:     Rendered thumbnail for [Blueprint /Game/ThirdPersonBP/Bullet_BP.Bullet_BP]
[2020.09.23-00.37.46:908][176]OBJ SavePackage: Finished generating thumbnails for package [/Game/ThirdPersonBP/Bullet_BP]
[2020.09.23-00.37.46:955][176]LogSavePackage: Save=27.70ms
[2020.09.23-00.37.46:955][176]LogSavePackage: Moving '../../../../../../Users/crist/OneDrive/Escritorio/repositorios/Taller_practico_01/TallerpPractico/Saved/Bullet_BP_Auto10CD802E1417D01D8B32A01A39FFCEDCF.tmp' to '../../../../../../Users/crist/OneDrive/Escritorio/repositorios/Taller_practico_01/TallerpPractico/Saved/Autosaves/Game/ThirdPersonBP/Bullet_BP_Auto1.uasset'
[2020.09.23-00.37.46:960][176]LogSavePackage: Display: Finished SavePackage ../../../../../../Users/crist/OneDrive/Escritorio/repositorios/Taller_practico_01/TallerpPractico/Saved/Autosaves/Game/ThirdPersonBP/Bullet_BP_Auto1.uasset
[2020.09.23-00.37.46:962][176]OBJ SavePackage: Generating thumbnails for [1] asset(s) in package [/Game/StarterContent/Props/MaterialSphere] ([1] browsable assets)...
[2020.09.23-00.37.46:998][176]OBJ SavePackage:     Rendered thumbnail for [StaticMesh /Game/StarterContent/Props/MaterialSphere.MaterialSphere]
[2020.09.23-00.37.46:998][176]OBJ SavePackage: Finished generating thumbnails for package [/Game/StarterContent/Props/MaterialSphere]
[2020.09.23-00.37.47:034][176]LogSavePackage: Save=21.54ms
[2020.09.23-00.37.47:034][176]LogSavePackage: Moving '../../../../../../Users/crist/OneDrive/Escritorio/repositorios/Taller_practico_01/TallerpPractico/Saved/MaterialSphere_Auto12C7478984CEA9FC89BDAE5A4448D1D11.tmp' to '../../../../../../Users/crist/OneDrive/Escritorio/repositorios/Taller_practico_01/TallerpPractico/Saved/Autosaves/Game/StarterContent/Props/MaterialSphere_Auto1.uasset'
[2020.09.23-00.37.47:037][176]LogSavePackage: Display: Finished SavePackage ../../../../../../Users/crist/OneDrive/Escritorio/repositorios/Taller_practico_01/TallerpPractico/Saved/Autosaves/Game/StarterContent/Props/MaterialSphere_Auto1.uasset
[2020.09.23-00.37.47:037][176]LogFileHelpers: Auto-saving content packages took 0.166
[2020.09.23-01.55.18:917][218]LogSavePackage: Save=17.64ms
[2020.09.23-01.55.18:917][218]LogSavePackage: Moving '../../../../../../Users/crist/OneDrive/Escritorio/repositorios/Taller_practico_01/TallerpPractico/Saved/MaterialSphereE83F38D24333B65874886A857C1A3B8B.tmp' to '../../../../../../Users/crist/OneDrive/Escritorio/repositorios/Taller_practico_01/TallerpPractico/Content/StarterContent/Props/MaterialSphere.uasset'
[2020.09.23-01.55.18:925][218]LogSavePackage: Display: Finished SavePackage ../../../../../../Users/crist/OneDrive/Escritorio/repositorios/Taller_practico_01/TallerpPractico/Content/StarterContent/Props/MaterialSphere.uasset
[2020.09.23-01.55.18:973][218]LogSavePackage: Save=24.30ms
[2020.09.23-01.55.18:974][218]LogSavePackage: Moving '../../../../../../Users/crist/OneDrive/Escritorio/repositorios/Taller_practico_01/TallerpPractico/Saved/Bullet_BP0178AF024A65CDA58534AC9330EF3D70.tmp' to '../../../../../../Users/crist/OneDrive/Escritorio/repositorios/Taller_practico_01/TallerpPractico/Content/ThirdPersonBP/Bullet_BP.uasset'
[2020.09.23-01.55.18:982][218]LogSavePackage: Display: Finished SavePackage ../../../../../../Users/crist/OneDrive/Escritorio/repositorios/Taller_practico_01/TallerpPractico/Content/ThirdPersonBP/Bullet_BP.uasset
[2020.09.23-01.55.19:168][218]LogWindowsTextInputMethodSystem: Display: IME system now deactivated.
[2020.09.23-01.55.19:540][219]Cmd: QUIT_EDITOR
[2020.09.23-01.55.19:616][219]LogExit: Preparing to exit.
[2020.09.23-01.55.20:155][219]LogDirectoryWatcher: A directory notification for 'C:/Users/crist/OneDrive/Escritorio/repositorios/Taller_practico_01/TallerpPractico/Content/' was aborted.
[2020.09.23-01.55.20:285][219]LogExit: Editor shut down
[2020.09.23-01.55.20:316][219]LogExit: Transaction tracking system shut down
[2020.09.23-01.55.20:599][219]LogDirectoryWatcher: A directory notification for '../../../Engine/Content/' was aborted.
[2020.09.23-01.55.20:599][219]LogDirectoryWatcher: A directory notification for '../../../../../../Users/crist/OneDrive/Escritorio/repositorios/Taller_practico_01/TallerpPractico/Content/' was aborted.
[2020.09.23-01.55.20:599][219]LogDirectoryWatcher: A directory notification for '../../../Engine/Plugins/2D/Paper2D/Content/' was aborted.
[2020.09.23-01.55.20:599][219]LogDirectoryWatcher: A directory notification for '../../../Engine/Plugins/Media/MediaCompositing/Content/' was aborted.
[2020.09.23-01.55.20:599][219]LogDirectoryWatcher: A directory notification for '../../../Engine/Plugins/Runtime/AppleARKit/Content/' was aborted.
[2020.09.23-01.55.20:599][219]LogDirectoryWatcher: A directory notification for '../../../Engine/Plugins/Runtime/Oculus/OculusVR/Content/' was aborted.
[2020.09.23-01.55.20:599][219]LogDirectoryWatcher: A directory notification for '../../../Engine/Plugins/Runtime/Steam/SteamVR/Content/' was aborted.
[2020.09.23-01.55.20:804][219]LogExit: Object subsystem successfully closed.
[2020.09.23-01.55.20:834][219]LogD3D11RHI: Shutdown
[2020.09.23-01.55.20:834][219]LogD3D11RHI: CleanupD3DDevice
[2020.09.23-01.55.20:840][219]LogD3D11RHI: ~FD3D11DynamicRHI
[2020.09.23-01.55.20:883][219]LogModuleManager: Shutting down and abandoning module StaticMeshEditor (554)
[2020.09.23-01.55.20:883][219]LogModuleManager: Shutting down and abandoning module MaterialEditor (552)
[2020.09.23-01.55.20:883][219]LogModuleManager: Shutting down and abandoning module BlueprintGraph (550)
[2020.09.23-01.55.20:883][219]LogModuleManager: Shutting down and abandoning module HierarchicalLODOutliner (548)
[2020.09.23-01.55.20:883][219]LogModuleManager: Shutting down and abandoning module SceneOutliner (546)
[2020.09.23-01.55.20:896][219]LogModuleManager: Shutting down and abandoning module AddContentDialog (544)
[2020.09.23-01.55.20:896][219]LogDirectoryWatcher: A directory notification for 'C:/Program Files/Epic Games/UE_4.18/FeaturePacks/' was aborted.
[2020.09.23-01.55.20:901][219]LogModuleManager: Shutting down and abandoning module WidgetCarousel (543)
[2020.09.23-01.55.20:901][219]LogModuleManager: Shutting down and abandoning module EditorWidgets (540)
[2020.09.23-01.55.20:901][219]LogModuleManager: Shutting down and abandoning module CollectionManager (538)
[2020.09.23-01.55.20:902][219]LogDirectoryWatcher: A directory notification for 'C:/Users/crist/OneDrive/Escritorio/repositorios/Taller_practico_01/TallerpPractico/Content/Collections/' was aborted.
[2020.09.23-01.55.20:902][219]LogDirectoryWatcher: A directory notification for 'C:/Users/crist/OneDrive/Escritorio/repositorios/Taller_practico_01/TallerpPractico/Content/Developers/crist/Collections/' was aborted.
[2020.09.23-01.55.20:902][219]LogDirectoryWatcher: A directory notification for 'C:/Users/crist/OneDrive/Escritorio/repositorios/Taller_practico_01/TallerpPractico/Saved/Collections/' was aborted.
[2020.09.23-01.55.20:902][219]LogModuleManager: Shutting down and abandoning module StatsViewer (536)
[2020.09.23-01.55.20:902][219]LogModuleManager: Shutting down and abandoning module FoliageEdit (534)
[2020.09.23-01.55.20:902][219]LogModuleManager: Shutting down and abandoning module LandscapeEditor (532)
[2020.09.23-01.55.20:902][219]LogModuleManager: Shutting down and abandoning module MeshPaintMode (530)
[2020.09.23-01.55.20:902][219]LogModuleManager: Shutting down and abandoning module SceneDepthPickerMode (528)
[2020.09.23-01.55.20:902][219]LogModuleManager: Shutting down and abandoning module ActorPickerMode (526)
[2020.09.23-01.55.20:902][219]LogModuleManager: Shutting down and abandoning module GeometryMode (524)
[2020.09.23-01.55.20:902][219]LogModuleManager: Shutting down and abandoning module TextureAlignMode (522)
[2020.09.23-01.55.20:902][219]LogModuleManager: Shutting down and abandoning module BspMode (520)
[2020.09.23-01.55.20:902][219]LogModuleManager: Shutting down and abandoning module PIEPreviewDeviceProfileSelector (518)
[2020.09.23-01.55.20:902][219]LogModuleManager: Shutting down and abandoning module HardwareSurvey (516)
[2020.09.23-01.55.20:902][219]LogModuleManager: Shutting down and abandoning module SequenceRecorderSections (514)
[2020.09.23-01.55.20:902][219]LogModuleManager: Shutting down and abandoning module AutomationWorker (512)
[2020.09.23-01.55.20:902][219]LogModuleManager: Shutting down and abandoning module MatineeToLevelSequence (510)
[2020.09.23-01.55.20:902][219]LogModuleManager: Shutting down and abandoning module LevelSequenceEditor (508)
[2020.09.23-01.55.20:903][219]LogModuleManager: Shutting down and abandoning module PlacementMode (507)
[2020.09.23-01.55.20:903][219]LogModuleManager: Shutting down and abandoning module WmfMediaFactory (504)
[2020.09.23-01.55.20:903][219]LogModuleManager: Shutting down and abandoning module WmfMediaEditor (502)
[2020.09.23-01.55.20:903][219]LogModuleManager: Shutting down and abandoning module OpenExrWrapper (500)
[2020.09.23-01.55.20:903][219]LogModuleManager: Shutting down and abandoning module ImgMediaFactory (498)
[2020.09.23-01.55.20:903][219]LogModuleManager: Shutting down and abandoning module ImgMediaEditor (496)
[2020.09.23-01.55.20:903][219]LogModuleManager: Shutting down and abandoning module AvfMediaFactory (494)
[2020.09.23-01.55.20:903][219]LogModuleManager: Shutting down and abandoning module AvfMediaEditor (492)
[2020.09.23-01.55.20:903][219]LogModuleManager: Shutting down and abandoning module AndroidMediaFactory (490)
[2020.09.23-01.55.20:903][219]LogModuleManager: Shutting down and abandoning module AndroidMediaEditor (488)
[2020.09.23-01.55.20:903][219]LogModuleManager: Shutting down and abandoning module CharacterAI (486)
[2020.09.23-01.55.20:903][219]LogModuleManager: Shutting down and abandoning module AudioCapture (484)
[2020.09.23-01.55.20:903][219]LogModuleManager: Shutting down and abandoning module SequenceRecorder (483)
[2020.09.23-01.55.20:903][219]LogModuleManager: Shutting down and abandoning module SmartSnapping (480)
[2020.09.23-01.55.20:903][219]LogModuleManager: Shutting down and abandoning module SessionServices (478)
[2020.09.23-01.55.20:903][219]LogModuleManager: Shutting down and abandoning module ViewportSnapping (476)
[2020.09.23-01.55.20:903][219]LogModuleManager: Shutting down and abandoning module ViewportInteraction (474)
[2020.09.23-01.55.20:903][219]LogModuleManager: Shutting down and abandoning module ClothPainter (472)
[2020.09.23-01.55.20:903][219]LogModuleManager: Shutting down and abandoning module SkeletalMeshEditor (471)
[2020.09.23-01.55.20:903][219]LogModuleManager: Shutting down and abandoning module LogVisualizer (468)
[2020.09.23-01.55.20:903][219]LogModuleManager: Shutting down and abandoning module IntroTutorials (466)
[2020.09.23-01.55.20:904][219]LogModuleManager: Shutting down and abandoning module GameProjectGeneration (465)
[2020.09.23-01.55.20:904][219]LogModuleManager: Shutting down and abandoning module IOSPlatformEditor (462)
[2020.09.23-01.55.20:904][219]LogModuleManager: Shutting down and abandoning module HTML5PlatformEditor (460)
[2020.09.23-01.55.20:904][219]LogModuleManager: Shutting down and abandoning module AndroidPlatformEditor (458)
[2020.09.23-01.55.20:904][219]LogModuleManager: Shutting down and abandoning module AndroidDeviceDetection (457)
[2020.09.23-01.55.21:075][219]LogModuleManager: Shutting down and abandoning module WindowsPlatformEditor (454)
[2020.09.23-01.55.21:075][219]LogModuleManager: Shutting down and abandoning module IOSRuntimeSettings (452)
[2020.09.23-01.55.21:075][219]LogModuleManager: Shutting down and abandoning module AndroidRuntimeSettings (450)
[2020.09.23-01.55.21:075][219]LogModuleManager: Shutting down and abandoning module InputBindingEditor (448)
[2020.09.23-01.55.21:076][219]LogModuleManager: Shutting down and abandoning module MergeActors (446)
[2020.09.23-01.55.21:076][219]LogModuleManager: Shutting down and abandoning module SizeMap (444)
[2020.09.23-01.55.21:076][219]LogModuleManager: Shutting down and abandoning module TreeMap (442)
[2020.09.23-01.55.21:076][219]LogModuleManager: Shutting down and abandoning module ReferenceViewer (440)
[2020.09.23-01.55.21:076][219]LogModuleManager: Shutting down and abandoning module LocalizationDashboard (438)
[2020.09.23-01.55.21:076][219]LogModuleManager: Shutting down and abandoning module LocalizationService (437)
[2020.09.23-01.55.21:076][219]LogModuleManager: Shutting down and abandoning module HardwareTargeting (434)
[2020.09.23-01.55.21:076][219]LogModuleManager: Shutting down and abandoning module DeviceProfileEditor (432)
[2020.09.23-01.55.21:076][219]LogModuleManager: Shutting down and abandoning module UndoHistory (430)
[2020.09.23-01.55.21:076][219]LogModuleManager: Shutting down and abandoning module XmlParser (428)
[2020.09.23-01.55.21:076][219]LogModuleManager: Shutting down and abandoning module Blutility (426)
[2020.09.23-01.55.21:076][219]LogModuleManager: Shutting down and abandoning module ProjectSettingsViewer (424)
[2020.09.23-01.55.21:076][219]LogModuleManager: Shutting down and abandoning module ProjectTargetPlatformEditor (423)
[2020.09.23-01.55.21:076][219]LogModuleManager: Shutting down and abandoning module EditorSettingsViewer (420)
[2020.09.23-01.55.21:076][219]LogModuleManager: Shutting down and abandoning module SettingsEditor (418)
[2020.09.23-01.55.21:076][219]LogModuleManager: Shutting down and abandoning module ProjectLauncher (416)
[2020.09.23-01.55.21:077][219]LogModuleManager: Shutting down and abandoning module SessionFrontend (414)
[2020.09.23-01.55.21:077][219]LogModuleManager: Shutting down and abandoning module ProfilerClient (412)
[2020.09.23-01.55.21:077][219]LogModuleManager: Shutting down and abandoning module DeviceManager (410)
[2020.09.23-01.55.21:077][219]LogModuleManager: Shutting down and abandoning module TargetDeviceServices (409)
[2020.09.23-01.55.21:143][219]LogModuleManager: Shutting down and abandoning module AutomationController (406)
[2020.09.23-01.55.21:143][219]LogModuleManager: Shutting down and abandoning module AutomationWindow (404)
[2020.09.23-01.55.21:143][219]LogModuleManager: Shutting down and abandoning module Layers (402)
[2020.09.23-01.55.21:143][219]LogModuleManager: Shutting down and abandoning module ComponentVisualizers (400)
[2020.09.23-01.55.21:143][219]LogModuleManager: Shutting down and abandoning module DetailCustomizations (398)
[2020.09.23-01.55.21:143][219]LogModuleManager: Shutting down and abandoning module PackagesDialog (396)
[2020.09.23-01.55.21:143][219]LogModuleManager: Shutting down and abandoning module Persona (394)
[2020.09.23-01.55.21:144][219]LogModuleManager: Shutting down and abandoning module AdvancedPreviewScene (393)
[2020.09.23-01.55.21:144][219]LogModuleManager: Shutting down and abandoning module AnimGraph (391)
[2020.09.23-01.55.21:144][219]LogModuleManager: Shutting down and abandoning module Kismet (388)
[2020.09.23-01.55.21:152][219]LogModuleManager: Shutting down and abandoning module ClassViewer (386)
[2020.09.23-01.55.21:152][219]LogModuleManager: Shutting down and abandoning module Toolbox (384)
[2020.09.23-01.55.21:152][219]LogModuleManager: Shutting down and abandoning module ModuleUI (382)
[2020.09.23-01.55.21:152][219]LogModuleManager: Shutting down and abandoning module MovieSceneTools (380)
[2020.09.23-01.55.21:152][219]LogModuleManager: Shutting down and abandoning module OutputLog (378)
[2020.09.23-01.55.21:152][219]LogModuleManager: Shutting down and abandoning module GammaUI (376)
[2020.09.23-01.55.21:152][219]LogModuleManager: Shutting down and abandoning module Documentation (374)
[2020.09.23-01.55.21:152][219]LogModuleManager: Shutting down and abandoning module MovieSceneTracks (372)
[2020.09.23-01.55.21:152][219]LogModuleManager: Shutting down and abandoning module MovieScene (370)
[2020.09.23-01.55.21:152][219]LogModuleManager: Shutting down and abandoning module StreamingPauseRendering (368)
[2020.09.23-01.55.21:152][219]LogModuleManager: Shutting down and abandoning module LauncherPlatform (366)
[2020.09.23-01.55.21:152][219]LogModuleManager: Shutting down and abandoning module AnalyticsET (364)
[2020.09.23-01.55.21:152][219]LogModuleManager: Shutting down and abandoning module PortalServices (362)
[2020.09.23-01.55.21:152][219]LogModuleManager: Shutting down and abandoning module PortalRpc (360)
[2020.09.23-01.55.21:153][219]LogModuleManager: Shutting down and abandoning module MessagingRpc (358)
[2020.09.23-01.55.21:153][219]LogModuleManager: Shutting down and abandoning module AIModule (356)
[2020.09.23-01.55.21:153][219]LogModuleManager: Shutting down and abandoning module GameplayDebugger (355)
[2020.09.23-01.55.21:153][219]LogModuleManager: Shutting down and abandoning module AITestSuite (353)
[2020.09.23-01.55.21:153][219]LogModuleManager: Shutting down and abandoning module DesktopPlatform (350)
[2020.09.23-01.55.21:153][219]LogModuleManager: Shutting down and abandoning module ProfilerService (348)
[2020.09.23-01.55.21:156][219]LogModuleManager: Shutting down and abandoning module TaskGraph (346)
[2020.09.23-01.55.21:157][219]LogModuleManager: Shutting down and abandoning module SteamVRController (344)
[2020.09.23-01.55.21:157][219]LogModuleManager: Shutting down and abandoning module ProceduralMeshComponentEditor (342)
[2020.09.23-01.55.21:157][219]LogModuleManager: Shutting down and abandoning module ProceduralMeshComponent (340)
[2020.09.23-01.55.21:157][219]LogModuleManager: Shutting down and abandoning module OculusInput (338)
[2020.09.23-01.55.21:157][219]LogModuleManager: Shutting down and abandoning module MobilePatchingUtils (336)
[2020.09.23-01.55.21:157][219]LogModuleManager: Shutting down and abandoning module CustomMeshComponent (334)
[2020.09.23-01.55.21:157][219]LogModuleManager: Shutting down and abandoning module CableComponent (332)
[2020.09.23-01.55.21:157][219]LogModuleManager: Shutting down and abandoning module ArchVisCharacter (330)
[2020.09.23-01.55.21:157][219]LogModuleManager: Shutting down and abandoning module AndroidPermission (328)
[2020.09.23-01.55.21:157][219]LogModuleManager: Shutting down and abandoning module ActorSequence (324)
[2020.09.23-01.55.21:157][219]LogModuleManager: Shutting down and abandoning module MediaPlayerEditor (322)
[2020.09.23-01.55.21:157][219]LogModuleManager: Shutting down and abandoning module MediaCompositingEditor (320)
[2020.09.23-01.55.21:157][219]LogModuleManager: Shutting down and abandoning module MediaCompositing (318)
[2020.09.23-01.55.21:157][219]LogModuleManager: Shutting down and abandoning module HTML5Networking (316)
[2020.09.23-01.55.21:157][219]LogModuleManager: Shutting down and abandoning module AlembicImporter (314)
[2020.09.23-01.55.21:157][219]LogModuleManager: Shutting down and abandoning module AlembicLibrary (313)
[2020.09.23-01.55.21:157][219]LogModuleManager: Shutting down and abandoning module GeometryCache (312)
[2020.09.23-01.55.21:157][219]LogModuleManager: Shutting down and abandoning module GeometryCacheEd (311)
[2020.09.23-01.55.21:157][219]LogModuleManager: Shutting down and abandoning module SpeedTreeImporter (306)
[2020.09.23-01.55.21:157][219]LogModuleManager: Shutting down and abandoning module PluginBrowser (304)
[2020.09.23-01.55.21:157][219]LogModuleManager: Shutting down and abandoning module MobileLauncherProfileWizard (302)
[2020.09.23-01.55.21:157][219]LogModuleManager: Shutting down and abandoning module VisualStudioSourceCodeAccess (300)
[2020.09.23-01.55.21:157][219]LogModuleManager: Shutting down and abandoning module VisualStudioCodeSourceCodeAccess (298)
[2020.09.23-01.55.21:157][219]LogModuleManager: Shutting down and abandoning module UObjectPlugin (296)
[2020.09.23-01.55.21:157][219]LogModuleManager: Shutting down and abandoning module SubversionSourceControl (294)
[2020.09.23-01.55.21:157][219]LogModuleManager: Shutting down and abandoning module PerforceSourceControl (292)
[2020.09.23-01.55.21:157][219]LogModuleManager: Shutting down and abandoning module GitSourceControl (290)
[2020.09.23-01.55.21:157][219]LogModuleManager: Shutting down and abandoning module SourceControl (289)
[2020.09.23-01.55.21:158][219]LogModuleManager: Shutting down and abandoning module LightPropagationVolumeEditor (286)
[2020.09.23-01.55.21:158][219]LogModuleManager: Shutting down and abandoning module PaperTiledImporter (284)
[2020.09.23-01.55.21:158][219]LogModuleManager: Shutting down and abandoning module PaperSpriteSheetImporter (282)
[2020.09.23-01.55.21:158][219]LogModuleManager: Shutting down and abandoning module Paper2DEditor (280)
[2020.09.23-01.55.21:158][219]LogModuleManager: Shutting down and abandoning module MeshPaint (279)
[2020.09.23-01.55.21:158][219]LogModuleManager: Shutting down and abandoning module LevelEditor (277)
[2020.09.23-01.55.21:159][219]LogModuleManager: Shutting down and abandoning module PixelInspectorModule (276)
[2020.09.23-01.55.21:159][219]LogModuleManager: Shutting down and abandoning module MainFrame (274)
[2020.09.23-01.55.21:160][219]LogModuleManager: Shutting down and abandoning module HotReload (273)
[2020.09.23-01.55.21:160][219]LogModuleManager: Shutting down and abandoning module RuntimePhysXCooking (268)
[2020.09.23-01.55.21:160][219]LogModuleManager: Shutting down and abandoning module PhysXVehiclesEditor (266)
[2020.09.23-01.55.21:160][219]LogModuleManager: Shutting down and abandoning module PhysXVehicles (264)
[2020.09.23-01.55.21:161][219]LogModuleManager: Shutting down and abandoning module OculusEditor (262)
[2020.09.23-01.55.21:161][219]LogModuleManager: Shutting down and abandoning module LocationServicesBPLibrary (260)
[2020.09.23-01.55.21:161][219]LogModuleManager: Shutting down and abandoning module ImmediatePhysicsEditor (258)
[2020.09.23-01.55.21:161][219]LogModuleManager: Shutting down and abandoning module ImmediatePhysics (256)
[2020.09.23-01.55.21:161][219]LogModuleManager: Shutting down and abandoning module UdpMessaging (254)
[2020.09.23-01.55.21:287][219]LogModuleManager: Shutting down and abandoning module TcpMessaging (252)
[2020.09.23-01.55.21:388][219]LogModuleManager: Shutting down and abandoning module GameplayTagsEditor (250)
[2020.09.23-01.55.21:388][219]LogModuleManager: Shutting down and abandoning module FacialAnimationEditor (248)
[2020.09.23-01.55.21:388][219]LogModuleManager: Shutting down and abandoning module FacialAnimation (246)
[2020.09.23-01.55.21:388][219]LogModuleManager: Shutting down and abandoning module AssetManagerEditor (244)
[2020.09.23-01.55.21:388][219]LogModuleManager: Shutting down and abandoning module GraphEditor (243)
[2020.09.23-01.55.21:388][219]LogModuleManager: Shutting down and abandoning module ContentBrowser (241)
[2020.09.23-01.55.21:391][219]LogModuleManager: Shutting down and abandoning module LightPropagationVolumeRuntime (238)
[2020.09.23-01.55.21:391][219]LogModuleManager: Shutting down and abandoning module Paper2D (236)
[2020.09.23-01.55.21:391][219]LogModuleManager: Shutting down and abandoning module WindowsMoviePlayer (234)
[2020.09.23-01.55.21:477][219]LogModuleManager: Shutting down and abandoning module WmfMedia (232)
[2020.09.23-01.55.21:481][219]LogModuleManager: Shutting down and abandoning module ImgMedia (230)
[2020.09.23-01.55.21:481][219]LogModuleManager: Shutting down and abandoning module PacketHandler (228)
[2020.09.23-01.55.21:481][219]LogModuleManager: Shutting down and abandoning module ClothingSystemEditor (226)
[2020.09.23-01.55.21:481][219]LogModuleManager: Shutting down and abandoning module ClothingSystemRuntime (224)
[2020.09.23-01.55.21:482][219]LogModuleManager: Shutting down and abandoning module MediaAssets (222)
[2020.09.23-01.55.21:482][219]LogModuleManager: Shutting down and abandoning module Media (221)
[2020.09.23-01.55.21:489][219]LogModuleManager: Shutting down and abandoning module Overlay (218)
[2020.09.23-01.55.21:489][219]LogModuleManager: Shutting down and abandoning module OverlayEditor (217)
[2020.09.23-01.55.21:489][219]LogModuleManager: Shutting down and abandoning module VREditor (214)
[2020.09.23-01.55.21:489][219]LogModuleManager: Shutting down and abandoning module StringTableEditor (212)
[2020.09.23-01.55.21:489][219]LogModuleManager: Shutting down and abandoning module GameplayTasksEditor (210)
[2020.09.23-01.55.21:489][219]LogModuleManager: Shutting down and abandoning module BehaviorTreeEditor (208)
[2020.09.23-01.55.21:489][219]LogModuleManager: Shutting down and abandoning module FunctionalTesting (206)
[2020.09.23-01.55.21:489][219]LogModuleManager: Shutting down and abandoning module CollisionAnalyzer (204)
[2020.09.23-01.55.21:489][219]LogModuleManager: Shutting down and abandoning module WorkspaceMenuStructure (203)
[2020.09.23-01.55.21:489][219]LogModuleManager: Shutting down and abandoning module UMG (200)
[2020.09.23-01.55.21:490][219]LogModuleManager: Shutting down and abandoning module UMGEditor (199)
[2020.09.23-01.55.21:490][219]LogModuleManager: Shutting down and abandoning module Sequencer (198)
[2020.09.23-01.55.21:490][219]LogModuleManager: Shutting down and abandoning module MessageLog (195)
[2020.09.23-01.55.21:490][219]LogModuleManager: Shutting down and abandoning module SlateReflector (190)
[2020.09.23-01.55.21:490][219]LogModuleManager: Shutting down and abandoning module Slate (188)
[2020.09.23-01.55.21:490][219]LogModuleManager: Shutting down and abandoning module EditorStyle (186)
[2020.09.23-01.55.21:501][219]LogModuleManager: Shutting down and abandoning module MRMesh (184)
[2020.09.23-01.55.21:501][219]LogModuleManager: Shutting down and abandoning module SourceCodeAccess (182)
[2020.09.23-01.55.21:502][219]LogModuleManager: Shutting down and abandoning module HeadMountedDisplay (180)
[2020.09.23-01.55.21:502][219]LogModuleManager: Shutting down and abandoning module XAudio2 (178)
[2020.09.23-01.55.21:502][219]LogModuleManager: Shutting down and abandoning module Networking (176)
[2020.09.23-01.55.21:502][219]LogModuleManager: Shutting down and abandoning module Core (172)
[2020.09.23-01.55.21:502][219]LogModuleManager: Shutting down and abandoning module LevelSequence (168)
[2020.09.23-01.55.21:502][219]LogModuleManager: Shutting down and abandoning module DirectoryWatcher (166)
[2020.09.23-01.55.21:508][219]LogModuleManager: Shutting down and abandoning module KismetCompiler (164)
[2020.09.23-01.55.21:508][219]LogModuleManager: Shutting down and abandoning module MeshUtilities (162)
[2020.09.23-01.55.21:508][219]LogModuleManager: Shutting down and abandoning module MeshMergeUtilities (161)
[2020.09.23-01.55.21:508][219]LogModuleManager: Shutting down and abandoning module MeshReductionInterface (160)
[2020.09.23-01.55.21:508][219]LogModuleManager: Shutting down and abandoning module SimplygonSwarm (159)
[2020.09.23-01.55.21:508][219]LogModuleManager: Shutting down and abandoning module SimplygonMeshReduction (157)
[2020.09.23-01.55.21:508][219]LogModuleManager: Shutting down and abandoning module QuadricMeshReduction (155)
[2020.09.23-01.55.21:508][219]LogModuleManager: Shutting down and abandoning module MaterialBaking (151)
[2020.09.23-01.55.21:508][219]LogModuleManager: Shutting down and abandoning module DerivedDataCache (148)
[2020.09.23-01.55.21:554][219]LogDerivedDataCache: Shutdown
[2020.09.23-01.55.21:554][219]LogModuleManager: Shutting down and abandoning module TargetPlatform (146)
[2020.09.23-01.55.21:555][219]LogModuleManager: Shutting down and abandoning module VulkanShaderFormat (145)
[2020.09.23-01.55.21:555][219]LogModuleManager: Shutting down and abandoning module ShaderFormatVectorVM (143)
[2020.09.23-01.55.21:555][219]LogModuleManager: Shutting down and abandoning module ShaderFormatOpenGL (141)
[2020.09.23-01.55.21:555][219]LogModuleManager: Shutting down and abandoning module ShaderFormatD3D (139)
[2020.09.23-01.55.21:555][219]LogModuleManager: Shutting down and abandoning module MetalShaderFormat (137)
[2020.09.23-01.55.21:555][219]LogModuleManager: Shutting down and abandoning module TextureFormatUncompressed (135)
[2020.09.23-01.55.21:555][219]LogModuleManager: Shutting down and abandoning module TextureFormatPVR (133)
[2020.09.23-01.55.21:555][219]LogModuleManager: Shutting down and abandoning module TextureFormatDXT (131)
[2020.09.23-01.55.21:555][219]LogModuleManager: Shutting down and abandoning module TextureFormatIntelISPCTexComp (129)
[2020.09.23-01.55.21:556][219]LogModuleManager: Shutting down and abandoning module TextureFormatASTC (127)
[2020.09.23-01.55.21:556][219]LogModuleManager: Shutting down and abandoning module ImageWrapper (126)
[2020.09.23-01.55.21:556][219]LogModuleManager: Shutting down and abandoning module TextureFormatAndroid (123)
[2020.09.23-01.55.21:556][219]LogModuleManager: Shutting down and abandoning module AudioFormatOpus (121)
[2020.09.23-01.55.21:556][219]LogModuleManager: Shutting down and abandoning module AudioFormatOgg (119)
[2020.09.23-01.55.21:556][219]LogModuleManager: Shutting down and abandoning module AudioFormatADPCM (117)
[2020.09.23-01.55.21:556][219]LogModuleManager: Shutting down and abandoning module LinuxTargetPlatform (115)
[2020.09.23-01.55.21:556][219]LogModuleManager: Shutting down and abandoning module LinuxServerTargetPlatform (113)
[2020.09.23-01.55.21:556][219]LogModuleManager: Shutting down and abandoning module LinuxNoEditorTargetPlatform (111)
[2020.09.23-01.55.21:556][219]LogModuleManager: Shutting down and abandoning module LinuxClientTargetPlatform (109)
[2020.09.23-01.55.21:557][219]LogModuleManager: Shutting down and abandoning module TVOSTargetPlatform (107)
[2020.09.23-01.55.21:557][219]LogModuleManager: Shutting down and abandoning module Messaging (105)
[2020.09.23-01.55.21:557][219]LogModuleManager: Shutting down and abandoning module IOSTargetPlatform (103)
[2020.09.23-01.55.21:557][219]LogModuleManager: Shutting down and abandoning module HTML5TargetPlatform (101)
[2020.09.23-01.55.21:557][219]LogModuleManager: Shutting down and abandoning module AndroidTargetPlatform (99)
[2020.09.23-01.55.21:557][219]LogModuleManager: Shutting down and abandoning module Android_PVRTCTargetPlatform (97)
[2020.09.23-01.55.21:557][219]LogModuleManager: Shutting down and abandoning module Android_MultiTargetPlatform (95)
[2020.09.23-01.55.21:557][219]LogModuleManager: Shutting down and abandoning module Android_ETC2TargetPlatform (93)
[2020.09.23-01.55.21:557][219]LogModuleManager: Shutting down and abandoning module Android_ETC1TargetPlatform (91)
[2020.09.23-01.55.21:557][219]LogModuleManager: Shutting down and abandoning module Android_DXTTargetPlatform (89)
[2020.09.23-01.55.21:557][219]LogModuleManager: Shutting down and abandoning module Android_ATCTargetPlatform (87)
[2020.09.23-01.55.21:557][219]LogModuleManager: Shutting down and abandoning module Android_ASTCTargetPlatform (85)
[2020.09.23-01.55.21:557][219]LogModuleManager: Shutting down and abandoning module WindowsTargetPlatform (83)
[2020.09.23-01.55.21:557][219]LogModuleManager: Shutting down and abandoning module WindowsServerTargetPlatform (81)
[2020.09.23-01.55.21:557][219]LogModuleManager: Shutting down and abandoning module WindowsNoEditorTargetPlatform (79)
[2020.09.23-01.55.21:557][219]LogModuleManager: Shutting down and abandoning module WindowsClientTargetPlatform (77)
[2020.09.23-01.55.21:558][219]LogModuleManager: Shutting down and abandoning module MacTargetPlatform (75)
[2020.09.23-01.55.21:558][219]LogModuleManager: Shutting down and abandoning module MacServerTargetPlatform (73)
[2020.09.23-01.55.21:558][219]LogModuleManager: Shutting down and abandoning module MacNoEditorTargetPlatform (71)
[2020.09.23-01.55.21:558][219]LogModuleManager: Shutting down and abandoning module MacClientTargetPlatform (69)
[2020.09.23-01.55.21:558][219]LogModuleManager: Shutting down and abandoning module AllDesktopTargetPlatform (67)
[2020.09.23-01.55.21:558][219]LogModuleManager: Shutting down and abandoning module InputCore (64)
[2020.09.23-01.55.21:558][219]LogModuleManager: Shutting down and abandoning module Settings (62)
[2020.09.23-01.55.21:558][219]LogModuleManager: Shutting down and abandoning module PhysXCooking (60)
[2020.09.23-01.55.21:558][219]LogModuleManager: Shutting down and abandoning module SteamVR (58)
[2020.09.23-01.55.21:558][219]LogModuleManager: Shutting down and abandoning module OculusHMD (56)
[2020.09.23-01.55.21:558][219]LogModuleManager: Shutting down and abandoning module ExampleDeviceProfileSelector (54)
[2020.09.23-01.55.21:558][219]LogModuleManager: Shutting down and abandoning module AppleARKit (52)
[2020.09.23-01.55.21:558][219]LogModuleManager: Shutting down and abandoning module AugmentedReality (51)
[2020.09.23-01.55.21:558][219]LogModuleManager: Shutting down and abandoning module OnlineBlueprintSupport (48)
[2020.09.23-01.55.21:558][219]LogModuleManager: Shutting down and abandoning module OnlineSubsystem (44)
[2020.09.23-01.55.21:559][219]LogModuleManager: Shutting down and abandoning module XMPP (43)
[2020.09.23-01.55.21:559][219]LogModuleManager: Shutting down and abandoning module HTTP (41)
[2020.09.23-01.55.21:559][219]LogHttp: Display: Http module shutting down, but needs to wait on 1 outstanding Http requests:
[2020.09.23-01.55.21:559][219]LogHttp: Display: 	verb=[POST] url=[https://datarouter.ol.epicgames.com/datarouter/api/v1/public/data?SessionID=%7B22C827B2-4245-DFEB-841D-01B99A73DB53%7D&AppID=UEEditor.Rocket.Release&AppVersion=4.18.3-3832480%2B%2B%2BUE4%2BRelease-4.18&UserID=cf63507444e1406bbc53609fec515932%7Cf199f47330f747318e206e5ff79be176%7Cdf1c97bf-b580-4826-b4bb-78b342930448&AppEnvironment=datacollector-binary&UploadType=eteventstream] status=Processing
[2020.09.23-01.55.21:572][219]LogModuleManager: Shutting down and abandoning module SSL (40)
[2020.09.23-01.55.21:576][219]LogModuleManager: Shutting down and abandoning module AnimationModifiers (36)
[2020.09.23-01.55.21:576][219]LogModuleManager: Shutting down and abandoning module PropertyEditor (35)
[2020.09.23-01.55.21:576][219]LogModuleManager: Shutting down and abandoning module AudioEditor (32)
[2020.09.23-01.55.21:576][219]LogModuleManager: Shutting down and abandoning module TextureCompressor (30)
[2020.09.23-01.55.21:576][219]LogModuleManager: Shutting down and abandoning module ShaderCore (28)
[2020.09.23-01.55.21:576][219]LogModuleManager: Shutting down and abandoning module Landscape (26)
[2020.09.23-01.55.21:577][219]LogModuleManager: Shutting down and abandoning module SlateRHIRenderer (24)
[2020.09.23-01.55.21:621][219]LogModuleManager: Shutting down and abandoning module OpenGLDrv (22)
[2020.09.23-01.55.21:621][219]LogModuleManager: Shutting down and abandoning module D3D11RHI (20)
[2020.09.23-01.55.21:621][219]LogModuleManager: Shutting down and abandoning module AnimGraphRuntime (18)
[2020.09.23-01.55.21:621][219]LogModuleManager: Shutting down and abandoning module Renderer (16)
[2020.09.23-01.55.21:621][219]LogModuleManager: Shutting down and abandoning module Engine (14)
[2020.09.23-01.55.21:621][219]LogModuleManager: Shutting down and abandoning module CoreUObject (12)
[2020.09.23-01.55.21:621][219]LogModuleManager: Shutting down and abandoning module NetworkFile (10)
[2020.09.23-01.55.21:621][219]LogModuleManager: Shutting down and abandoning module CookedIterativeFile (8)
[2020.09.23-01.55.21:622][219]LogModuleManager: Shutting down and abandoning module StreamingFile (6)
[2020.09.23-01.55.21:622][219]LogModuleManager: Shutting down and abandoning module SandboxFile (4)
[2020.09.23-01.55.21:622][219]LogModuleManager: Shutting down and abandoning module PakFile (2)
[2020.09.23-01.55.21:640][219]LogExit: Exiting.
[2020.09.23-01.55.21:723][219]Log file closed, 09/22/20 20:55:21
